2026-02-14 01:21:42,265 - __main__ - INFO - Starting model training pipeline...
2026-02-14 01:21:42,266 - __main__ - INFO - Loading data from data/processed/credit_data.csv...
2026-02-14 01:21:42,269 - __main__ - ERROR - Data file not found at data/processed/credit_data.csv. Please ensure the data is downloaded and processed.
2026-02-14 01:21:42,270 - __main__ - CRITICAL - Training pipeline failed: [Errno 2] No such file or directory: 'data/processed/credit_data.csv'
Traceback (most recent call last):
  File "C:\Projects\CreditDefaultRiskPredictor\source\models\train.py", line 34, in train_models
    X, y = load_data('data/processed/credit_data.csv')
           ~~~~~~~~~^^^^^^^^^^^^^^^^^^^^^^^^^^^^^^^^^^
  File "C:\Projects\CreditDefaultRiskPredictor\source\models\train.py", line 19, in load_data
    df = pd.read_csv(filepath)
  File "C:\Users\ACER\anaconda3\Lib\site-packages\pandas\io\parsers\readers.py", line 1026, in read_csv
    return _read(filepath_or_buffer, kwds)
  File "C:\Users\ACER\anaconda3\Lib\site-packages\pandas\io\parsers\readers.py", line 620, in _read
    parser = TextFileReader(filepath_or_buffer, **kwds)
  File "C:\Users\ACER\anaconda3\Lib\site-packages\pandas\io\parsers\readers.py", line 1620, in __init__
    self._engine = self._make_engine(f, self.engine)
                   ~~~~~~~~~~~~~~~~~^^^^^^^^^^^^^^^^
  File "C:\Users\ACER\anaconda3\Lib\site-packages\pandas\io\parsers\readers.py", line 1880, in _make_engine
    self.handles = get_handle(
                   ~~~~~~~~~~^
        f,
        ^^
    ...<6 lines>...
        storage_options=self.options.get("storage_options", None),
        ^^^^^^^^^^^^^^^^^^^^^^^^^^^^^^^^^^^^^^^^^^^^^^^^^^^^^^^^^^
    )
    ^
  File "C:\Users\ACER\anaconda3\Lib\site-packages\pandas\io\common.py", line 873, in get_handle
    handle = open(
        handle,
    ...<3 lines>...
        newline="",
    )
FileNotFoundError: [Errno 2] No such file or directory: 'data/processed/credit_data.csv'
2026-02-14 01:33:37,561 - __main__ - INFO - Starting model training pipeline...
2026-02-14 01:33:37,562 - __main__ - INFO - Loading data from data/processed/credit_data.csv...
2026-02-14 01:33:37,564 - __main__ - ERROR - Data file not found at data/processed/credit_data.csv. Please ensure the data is downloaded and processed.
2026-02-14 01:33:37,564 - __main__ - CRITICAL - Training pipeline failed: [Errno 2] No such file or directory: 'data/processed/credit_data.csv'
Traceback (most recent call last):
  File "C:\Projects\CreditDefaultRiskPredictor\source\models\train.py", line 34, in train_models
    X, y = load_data('data/processed/credit_data.csv')
           ~~~~~~~~~^^^^^^^^^^^^^^^^^^^^^^^^^^^^^^^^^^
  File "C:\Projects\CreditDefaultRiskPredictor\source\models\train.py", line 19, in load_data
    df = pd.read_csv(filepath)
  File "C:\Projects\CreditDefaultRiskPredictor\ml3env\Lib\site-packages\pandas\io\parsers\readers.py", line 873, in read_csv
    return _read(filepath_or_buffer, kwds)
  File "C:\Projects\CreditDefaultRiskPredictor\ml3env\Lib\site-packages\pandas\io\parsers\readers.py", line 300, in _read
    parser = TextFileReader(filepath_or_buffer, **kwds)
  File "C:\Projects\CreditDefaultRiskPredictor\ml3env\Lib\site-packages\pandas\io\parsers\readers.py", line 1645, in __init__
    self._engine = self._make_engine(f, self.engine)
                   ~~~~~~~~~~~~~~~~~^^^^^^^^^^^^^^^^
  File "C:\Projects\CreditDefaultRiskPredictor\ml3env\Lib\site-packages\pandas\io\parsers\readers.py", line 1904, in _make_engine
    self.handles = get_handle(
                   ~~~~~~~~~~^
        f,
        ^^
    ...<6 lines>...
        storage_options=self.options.get("storage_options", None),
        ^^^^^^^^^^^^^^^^^^^^^^^^^^^^^^^^^^^^^^^^^^^^^^^^^^^^^^^^^^
    )
    ^
  File "C:\Projects\CreditDefaultRiskPredictor\ml3env\Lib\site-packages\pandas\io\common.py", line 926, in get_handle
    handle = open(
        handle,
    ...<3 lines>...
        newline="",
    )
FileNotFoundError: [Errno 2] No such file or directory: 'data/processed/credit_data.csv'
2026-02-14 01:35:31,835 - __main__ - INFO - Starting model training pipeline...
2026-02-14 01:35:31,835 - __main__ - INFO - Loading data from C:\Projects\CreditDefaultRiskPredictor\dataaw_csv\default_of_credit_card_clients.csv...
2026-02-14 01:35:31,836 - __main__ - ERROR - Error loading data: [Errno 22] Invalid argument: 'C:\\Projects\\CreditDefaultRiskPredictor\\data\raw_csv\\default_of_credit_card_clients.csv'
Traceback (most recent call last):
  File "C:\Projects\CreditDefaultRiskPredictor\source\models\train.py", line 19, in load_data
    df = pd.read_csv(filepath)
  File "C:\Projects\CreditDefaultRiskPredictor\ml3env\Lib\site-packages\pandas\io\parsers\readers.py", line 873, in read_csv
    return _read(filepath_or_buffer, kwds)
  File "C:\Projects\CreditDefaultRiskPredictor\ml3env\Lib\site-packages\pandas\io\parsers\readers.py", line 300, in _read
    parser = TextFileReader(filepath_or_buffer, **kwds)
  File "C:\Projects\CreditDefaultRiskPredictor\ml3env\Lib\site-packages\pandas\io\parsers\readers.py", line 1645, in __init__
    self._engine = self._make_engine(f, self.engine)
                   ~~~~~~~~~~~~~~~~~^^^^^^^^^^^^^^^^
  File "C:\Projects\CreditDefaultRiskPredictor\ml3env\Lib\site-packages\pandas\io\parsers\readers.py", line 1904, in _make_engine
    self.handles = get_handle(
                   ~~~~~~~~~~^
        f,
        ^^
    ...<6 lines>...
        storage_options=self.options.get("storage_options", None),
        ^^^^^^^^^^^^^^^^^^^^^^^^^^^^^^^^^^^^^^^^^^^^^^^^^^^^^^^^^^
    )
    ^
  File "C:\Projects\CreditDefaultRiskPredictor\ml3env\Lib\site-packages\pandas\io\common.py", line 926, in get_handle
    handle = open(
        handle,
    ...<3 lines>...
        newline="",
    )
OSError: [Errno 22] Invalid argument: 'C:\\Projects\\CreditDefaultRiskPredictor\\data\raw_csv\\default_of_credit_card_clients.csv'
2026-02-14 01:35:31,838 - __main__ - CRITICAL - Training pipeline failed: [Errno 22] Invalid argument: 'C:\\Projects\\CreditDefaultRiskPredictor\\data\raw_csv\\default_of_credit_card_clients.csv'
Traceback (most recent call last):
  File "C:\Projects\CreditDefaultRiskPredictor\source\models\train.py", line 34, in train_models
    X, y = load_data('C:\Projects\CreditDefaultRiskPredictor\data\raw_csv\default_of_credit_card_clients.csv')
           ~~~~~~~~~^^^^^^^^^^^^^^^^^^^^^^^^^^^^^^^^^^^^^^^^^^^^^^^^^^^^^^^^^^^^^^^^^^^^^^^^^^^^^^^^^^^^^^^^^^
  File "C:\Projects\CreditDefaultRiskPredictor\source\models\train.py", line 19, in load_data
    df = pd.read_csv(filepath)
  File "C:\Projects\CreditDefaultRiskPredictor\ml3env\Lib\site-packages\pandas\io\parsers\readers.py", line 873, in read_csv
    return _read(filepath_or_buffer, kwds)
  File "C:\Projects\CreditDefaultRiskPredictor\ml3env\Lib\site-packages\pandas\io\parsers\readers.py", line 300, in _read
    parser = TextFileReader(filepath_or_buffer, **kwds)
  File "C:\Projects\CreditDefaultRiskPredictor\ml3env\Lib\site-packages\pandas\io\parsers\readers.py", line 1645, in __init__
    self._engine = self._make_engine(f, self.engine)
                   ~~~~~~~~~~~~~~~~~^^^^^^^^^^^^^^^^
  File "C:\Projects\CreditDefaultRiskPredictor\ml3env\Lib\site-packages\pandas\io\parsers\readers.py", line 1904, in _make_engine
    self.handles = get_handle(
                   ~~~~~~~~~~^
        f,
        ^^
    ...<6 lines>...
        storage_options=self.options.get("storage_options", None),
        ^^^^^^^^^^^^^^^^^^^^^^^^^^^^^^^^^^^^^^^^^^^^^^^^^^^^^^^^^^
    )
    ^
  File "C:\Projects\CreditDefaultRiskPredictor\ml3env\Lib\site-packages\pandas\io\common.py", line 926, in get_handle
    handle = open(
        handle,
    ...<3 lines>...
        newline="",
    )
OSError: [Errno 22] Invalid argument: 'C:\\Projects\\CreditDefaultRiskPredictor\\data\raw_csv\\default_of_credit_card_clients.csv'
2026-02-14 01:36:23,638 - __main__ - INFO - Starting model training pipeline...
2026-02-14 01:36:23,639 - __main__ - INFO - Loading data from dataaw_csv\default_of_credit_card_clients.csv...
2026-02-14 01:36:23,639 - __main__ - ERROR - Error loading data: [Errno 22] Invalid argument: 'data\raw_csv\\default_of_credit_card_clients.csv'
Traceback (most recent call last):
  File "C:\Projects\CreditDefaultRiskPredictor\source\models\train.py", line 19, in load_data
    df = pd.read_csv(filepath)
  File "C:\Projects\CreditDefaultRiskPredictor\ml3env\Lib\site-packages\pandas\io\parsers\readers.py", line 873, in read_csv
    return _read(filepath_or_buffer, kwds)
  File "C:\Projects\CreditDefaultRiskPredictor\ml3env\Lib\site-packages\pandas\io\parsers\readers.py", line 300, in _read
    parser = TextFileReader(filepath_or_buffer, **kwds)
  File "C:\Projects\CreditDefaultRiskPredictor\ml3env\Lib\site-packages\pandas\io\parsers\readers.py", line 1645, in __init__
    self._engine = self._make_engine(f, self.engine)
                   ~~~~~~~~~~~~~~~~~^^^^^^^^^^^^^^^^
  File "C:\Projects\CreditDefaultRiskPredictor\ml3env\Lib\site-packages\pandas\io\parsers\readers.py", line 1904, in _make_engine
    self.handles = get_handle(
                   ~~~~~~~~~~^
        f,
        ^^
    ...<6 lines>...
        storage_options=self.options.get("storage_options", None),
        ^^^^^^^^^^^^^^^^^^^^^^^^^^^^^^^^^^^^^^^^^^^^^^^^^^^^^^^^^^
    )
    ^
  File "C:\Projects\CreditDefaultRiskPredictor\ml3env\Lib\site-packages\pandas\io\common.py", line 926, in get_handle
    handle = open(
        handle,
    ...<3 lines>...
        newline="",
    )
OSError: [Errno 22] Invalid argument: 'data\raw_csv\\default_of_credit_card_clients.csv'
2026-02-14 01:36:23,641 - __main__ - CRITICAL - Training pipeline failed: [Errno 22] Invalid argument: 'data\raw_csv\\default_of_credit_card_clients.csv'
Traceback (most recent call last):
  File "C:\Projects\CreditDefaultRiskPredictor\source\models\train.py", line 34, in train_models
    X, y = load_data('data\raw_csv\default_of_credit_card_clients.csv')
           ~~~~~~~~~^^^^^^^^^^^^^^^^^^^^^^^^^^^^^^^^^^^^^^^^^^^^^^^^^^^
  File "C:\Projects\CreditDefaultRiskPredictor\source\models\train.py", line 19, in load_data
    df = pd.read_csv(filepath)
  File "C:\Projects\CreditDefaultRiskPredictor\ml3env\Lib\site-packages\pandas\io\parsers\readers.py", line 873, in read_csv
    return _read(filepath_or_buffer, kwds)
  File "C:\Projects\CreditDefaultRiskPredictor\ml3env\Lib\site-packages\pandas\io\parsers\readers.py", line 300, in _read
    parser = TextFileReader(filepath_or_buffer, **kwds)
  File "C:\Projects\CreditDefaultRiskPredictor\ml3env\Lib\site-packages\pandas\io\parsers\readers.py", line 1645, in __init__
    self._engine = self._make_engine(f, self.engine)
                   ~~~~~~~~~~~~~~~~~^^^^^^^^^^^^^^^^
  File "C:\Projects\CreditDefaultRiskPredictor\ml3env\Lib\site-packages\pandas\io\parsers\readers.py", line 1904, in _make_engine
    self.handles = get_handle(
                   ~~~~~~~~~~^
        f,
        ^^
    ...<6 lines>...
        storage_options=self.options.get("storage_options", None),
        ^^^^^^^^^^^^^^^^^^^^^^^^^^^^^^^^^^^^^^^^^^^^^^^^^^^^^^^^^^
    )
    ^
  File "C:\Projects\CreditDefaultRiskPredictor\ml3env\Lib\site-packages\pandas\io\common.py", line 926, in get_handle
    handle = open(
        handle,
    ...<3 lines>...
        newline="",
    )
OSError: [Errno 22] Invalid argument: 'data\raw_csv\\default_of_credit_card_clients.csv'
2026-02-14 01:40:01,680 - __main__ - INFO - Starting model training pipeline...
2026-02-14 01:40:01,680 - __main__ - INFO - Loading data from data/default_of_credit_card_clients.csv...
2026-02-14 01:40:01,681 - __main__ - ERROR - Data file not found at data/default_of_credit_card_clients.csv. Please ensure the data is downloaded and processed.
2026-02-14 01:40:01,681 - __main__ - CRITICAL - Training pipeline failed: [Errno 2] No such file or directory: 'data/default_of_credit_card_clients.csv'
Traceback (most recent call last):
  File "C:\Projects\CreditDefaultRiskPredictor\source\models\train.py", line 34, in train_models
    X, y = load_data('data/default_of_credit_card_clients.csv')
           ~~~~~~~~~^^^^^^^^^^^^^^^^^^^^^^^^^^^^^^^^^^^^^^^^^^^
  File "C:\Projects\CreditDefaultRiskPredictor\source\models\train.py", line 19, in load_data
    df = pd.read_csv(filepath)
  File "C:\Projects\CreditDefaultRiskPredictor\ml3env\Lib\site-packages\pandas\io\parsers\readers.py", line 873, in read_csv
    return _read(filepath_or_buffer, kwds)
  File "C:\Projects\CreditDefaultRiskPredictor\ml3env\Lib\site-packages\pandas\io\parsers\readers.py", line 300, in _read
    parser = TextFileReader(filepath_or_buffer, **kwds)
  File "C:\Projects\CreditDefaultRiskPredictor\ml3env\Lib\site-packages\pandas\io\parsers\readers.py", line 1645, in __init__
    self._engine = self._make_engine(f, self.engine)
                   ~~~~~~~~~~~~~~~~~^^^^^^^^^^^^^^^^
  File "C:\Projects\CreditDefaultRiskPredictor\ml3env\Lib\site-packages\pandas\io\parsers\readers.py", line 1904, in _make_engine
    self.handles = get_handle(
                   ~~~~~~~~~~^
        f,
        ^^
    ...<6 lines>...
        storage_options=self.options.get("storage_options", None),
        ^^^^^^^^^^^^^^^^^^^^^^^^^^^^^^^^^^^^^^^^^^^^^^^^^^^^^^^^^^
    )
    ^
  File "C:\Projects\CreditDefaultRiskPredictor\ml3env\Lib\site-packages\pandas\io\common.py", line 926, in get_handle
    handle = open(
        handle,
    ...<3 lines>...
        newline="",
    )
FileNotFoundError: [Errno 2] No such file or directory: 'data/default_of_credit_card_clients.csv'
2026-02-14 01:40:59,412 - __main__ - INFO - Starting model training pipeline...
2026-02-14 01:40:59,412 - __main__ - INFO - Loading data from data/raw_csv/default_of_credit_card_clients.csv...
2026-02-14 01:40:59,503 - __main__ - INFO - Data loaded successfully. Shape: X=(30000, 23), y=(30000,)
2026-02-14 01:40:59,503 - __main__ - INFO - Splitting data into train and test sets...
2026-02-14 01:40:59,516 - source.features.preprocess - INFO - Building preprocessing pipeline...
2026-02-14 01:40:59,517 - source.features.preprocess - INFO - Preprocessing pipeline successfully built.
2026-02-14 01:40:59,517 - __main__ - INFO - Starting hyperparameter tuning...
2026-02-14 01:40:59,517 - __main__ - INFO - Tuning LogisticRegression...
2026-02-14 01:41:03,773 - __main__ - INFO - LogisticRegression Best ROC-AUC: 0.7713
2026-02-14 01:41:03,773 - __main__ - INFO - Tuning RandomForest...
2026-02-14 01:41:45,792 - __main__ - INFO - RandomForest Best ROC-AUC: 0.7784
2026-02-14 01:41:45,792 - __main__ - INFO - Tuning XGBoost...
2026-02-14 01:41:48,566 - __main__ - INFO - XGBoost Best ROC-AUC: 0.7808
2026-02-14 01:41:48,568 - __main__ - INFO - Hyperparameter tuning complete. Best Model: XGBoost with ROC-AUC: 0.7808
2026-02-14 01:41:48,568 - __main__ - INFO - Evaluating best model on test set...
2026-02-14 01:41:48,613 - __main__ - INFO - Test Set ROC-AUC: 0.7773
2026-02-14 01:41:48,624 - __main__ - INFO - 
Classification Report:
              precision    recall  f1-score   support

           0       0.84      0.95      0.89      4673
           1       0.66      0.36      0.46      1327

    accuracy                           0.82      6000
   macro avg       0.75      0.65      0.68      6000
weighted avg       0.80      0.82      0.80      6000

2026-02-14 01:41:48,625 - __main__ - INFO - Saving best model artifact...
2026-02-14 01:41:48,633 - __main__ - INFO - Model successfully saved to models/best_model_pipeline.pkl
2026-02-14 01:44:08,542 - __main__ - INFO - Attempting to load model from C:\Projects\CreditDefaultRiskPredictor\source\api\../../models/best_model_pipeline.pkl...
2026-02-14 01:44:09,546 - __main__ - INFO - Model loaded successfully.
2026-02-14 01:44:09,547 - __main__ - INFO - Starting Flask API server...
2026-02-14 01:48:48,741 - __main__ - INFO - Attempting to load model from C:\Projects\CreditDefaultRiskPredictor\source\api\../../models/best_model_pipeline.pkl...
2026-02-14 01:48:49,819 - __main__ - INFO - Model loaded successfully.
2026-02-14 01:48:49,820 - __main__ - INFO - Starting Flask API server...
2026-02-14 01:54:11,618 - __main__ - INFO - Attempting to load model from C:\Projects\CreditDefaultRiskPredictor\../../models/best_model_pipeline.pkl...
2026-02-14 01:54:11,618 - __main__ - WARNING - Model file not found at C:\Projects\CreditDefaultRiskPredictor\../../models/best_model_pipeline.pkl. Prediction endpoints will fail.
2026-02-14 01:54:11,619 - __main__ - INFO - Starting Flask API server...
2026-02-14 01:54:12,512 - __main__ - INFO - Attempting to load model from C:\Projects\CreditDefaultRiskPredictor\../../models/best_model_pipeline.pkl...
2026-02-14 01:54:12,513 - __main__ - WARNING - Model file not found at C:\Projects\CreditDefaultRiskPredictor\../../models/best_model_pipeline.pkl. Prediction endpoints will fail.
2026-02-14 01:54:12,514 - __main__ - INFO - Starting Flask API server...
2026-02-14 01:58:33,127 - __main__ - INFO - Attempting to load model from C:\Projects\CreditDefaultRiskPredictor\../../models/best_model_pipeline.pkl...
2026-02-14 01:58:33,127 - __main__ - WARNING - Model file not found at C:\Projects\CreditDefaultRiskPredictor\../../models/best_model_pipeline.pkl. Prediction endpoints will fail.
2026-02-14 01:58:33,128 - __main__ - INFO - Starting Flask API server...
2026-02-14 02:00:21,318 - __main__ - INFO - Starting model training pipeline...
2026-02-14 02:00:21,318 - __main__ - INFO - Loading data from data/raw_csv/default_of_credit_card_clients.csv...
2026-02-14 02:00:21,375 - __main__ - INFO - Data loaded successfully. Shape: X=(30000, 23), y=(30000,)
2026-02-14 02:00:21,375 - __main__ - INFO - Splitting data into train and test sets...
2026-02-14 02:00:21,386 - source.features.preprocess - INFO - Building preprocessing pipeline...
2026-02-14 02:00:21,387 - source.features.preprocess - INFO - Preprocessing pipeline successfully built.
2026-02-14 02:00:21,387 - __main__ - INFO - Starting hyperparameter tuning...
2026-02-14 02:00:21,387 - __main__ - INFO - Tuning LogisticRegression...
2026-02-14 02:00:25,051 - __main__ - INFO - LogisticRegression Best ROC-AUC: 0.7713
2026-02-14 02:00:25,052 - __main__ - INFO - Tuning RandomForest...
2026-02-14 02:01:06,821 - __main__ - INFO - RandomForest Best ROC-AUC: 0.7784
2026-02-14 02:01:06,822 - __main__ - INFO - Tuning XGBoost...
2026-02-14 02:01:09,551 - __main__ - INFO - XGBoost Best ROC-AUC: 0.7808
2026-02-14 02:01:09,553 - __main__ - INFO - Hyperparameter tuning complete. Best Model: XGBoost with ROC-AUC: 0.7808
2026-02-14 02:01:09,554 - __main__ - INFO - Evaluating best model on test set...
2026-02-14 02:01:09,595 - __main__ - INFO - Test Set ROC-AUC: 0.7773
2026-02-14 02:01:09,605 - __main__ - INFO - 
Classification Report:
              precision    recall  f1-score   support

           0       0.84      0.95      0.89      4673
           1       0.66      0.36      0.46      1327

    accuracy                           0.82      6000
   macro avg       0.75      0.65      0.68      6000
weighted avg       0.80      0.82      0.80      6000

2026-02-14 02:01:09,605 - __main__ - INFO - Saving best model artifact...
2026-02-14 02:01:09,612 - __main__ - INFO - Model successfully saved to C:\Projects\CreditDefaultRiskPredictor\source\models\..\..\models\best_model_pipeline.pkl
2026-02-14 02:01:33,501 - __main__ - INFO - Attempting to load model from C:\Projects\CreditDefaultRiskPredictor\../../models/best_model_pipeline.pkl...
2026-02-14 02:01:33,501 - __main__ - WARNING - Model file not found at C:\Projects\CreditDefaultRiskPredictor\../../models/best_model_pipeline.pkl. Prediction endpoints will fail.
2026-02-14 02:01:33,502 - __main__ - INFO - Starting Flask API server...
2026-02-14 02:01:34,157 - __main__ - INFO - Attempting to load model from C:\Projects\CreditDefaultRiskPredictor\../../models/best_model_pipeline.pkl...
2026-02-14 02:01:34,158 - __main__ - WARNING - Model file not found at C:\Projects\CreditDefaultRiskPredictor\../../models/best_model_pipeline.pkl. Prediction endpoints will fail.
2026-02-14 02:01:34,159 - __main__ - INFO - Starting Flask API server...
2026-02-14 02:03:40,196 - __main__ - INFO - Attempting to load model from C:\Projects\CreditDefaultRiskPredictor\models\best_model_pipeline.pkl...
2026-02-14 02:03:41,226 - __main__ - INFO - Model loaded successfully.
2026-02-14 02:03:41,228 - __main__ - INFO - Starting Flask API server...
2026-02-14 02:03:54,222 - __main__ - INFO - Attempting to load model from C:\Projects\CreditDefaultRiskPredictor\models\best_model_pipeline.pkl...
2026-02-14 02:03:55,195 - __main__ - INFO - Model loaded successfully.
2026-02-14 02:03:55,196 - __main__ - INFO - Starting Flask API server...
2026-02-14 02:03:57,137 - __main__ - INFO - Attempting to load model from C:\Projects\CreditDefaultRiskPredictor\models\best_model_pipeline.pkl...
2026-02-14 02:03:58,066 - __main__ - INFO - Model loaded successfully.
2026-02-14 02:03:58,068 - __main__ - INFO - Starting Flask API server...
2026-02-14 02:04:07,031 - __main__ - INFO - Attempting to load model from C:\Projects\CreditDefaultRiskPredictor\models\best_model_pipeline.pkl...
2026-02-14 02:04:08,051 - __main__ - INFO - Model loaded successfully.
2026-02-14 02:04:08,053 - __main__ - INFO - Starting Flask API server...
2026-02-14 02:05:58,666 - __main__ - INFO - Starting model training pipeline...
2026-02-14 02:05:58,666 - __main__ - INFO - Loading data from data/raw_csv/default_of_credit_card_clients.csv...
2026-02-14 02:05:58,721 - __main__ - INFO - Data loaded successfully. Shape: X=(30000, 23), y=(30000,)
2026-02-14 02:05:58,722 - __main__ - INFO - Splitting data into train and test sets...
2026-02-14 02:05:58,733 - source.features.preprocess - INFO - Building preprocessing pipeline...
2026-02-14 02:05:58,733 - source.features.preprocess - INFO - Preprocessing pipeline successfully built.
2026-02-14 02:05:58,734 - __main__ - INFO - Starting hyperparameter tuning...
2026-02-14 02:05:58,734 - __main__ - INFO - Tuning LogisticRegression...
2026-02-14 02:06:02,338 - __main__ - INFO - LogisticRegression Best ROC-AUC: 0.7713
2026-02-14 02:06:02,338 - __main__ - INFO - Tuning RandomForest...
2026-02-14 02:06:43,766 - __main__ - INFO - RandomForest Best ROC-AUC: 0.7784
2026-02-14 02:06:43,767 - __main__ - INFO - Tuning XGBoost...
2026-02-14 02:06:46,270 - __main__ - INFO - XGBoost Best ROC-AUC: 0.7808
2026-02-14 02:06:46,272 - __main__ - INFO - Hyperparameter tuning complete. Best Model: XGBoost with ROC-AUC: 0.7808
2026-02-14 02:06:46,273 - __main__ - INFO - Evaluating best model on test set...
2026-02-14 02:06:46,308 - __main__ - INFO - Test Set ROC-AUC: 0.7773
2026-02-14 02:06:46,319 - __main__ - INFO - 
Classification Report:
              precision    recall  f1-score   support

           0       0.84      0.95      0.89      4673
           1       0.66      0.36      0.46      1327

    accuracy                           0.82      6000
   macro avg       0.75      0.65      0.68      6000
weighted avg       0.80      0.82      0.80      6000

2026-02-14 02:06:46,320 - __main__ - INFO - Saving best model artifact...
2026-02-14 02:06:46,320 - __main__ - CRITICAL - Training pipeline failed: [Errno 2] No such file or directory: 'C:\\Projects\\CreditDefaultRiskPredictor\\source\\models\\models\\best_model_pipeline.pkl'
Traceback (most recent call last):
  File "C:\Projects\CreditDefaultRiskPredictor\source\models\train.py", line 94, in train_models
    joblib.dump(best_model, model_path)
    ~~~~~~~~~~~^^^^^^^^^^^^^^^^^^^^^^^^
  File "C:\Projects\CreditDefaultRiskPredictor\ml3env\Lib\site-packages\joblib\numpy_pickle.py", line 599, in dump
    with open(filename, "wb") as f:
         ~~~~^^^^^^^^^^^^^^^^
FileNotFoundError: [Errno 2] No such file or directory: 'C:\\Projects\\CreditDefaultRiskPredictor\\source\\models\\models\\best_model_pipeline.pkl'
2026-02-14 02:10:02,543 - __main__ - INFO - Attempting to load model from C:\Projects\CreditDefaultRiskPredictor\models\best_model_pipeline.pkl...
2026-02-14 02:10:03,515 - __main__ - INFO - Model loaded successfully.
2026-02-14 02:10:03,516 - __main__ - INFO - Starting Flask API server...
2026-02-14 02:10:12,483 - __main__ - INFO - Attempting to load model from C:\Projects\CreditDefaultRiskPredictor\models\best_model_pipeline.pkl...
2026-02-14 02:10:13,426 - __main__ - INFO - Model loaded successfully.
2026-02-14 02:10:13,428 - __main__ - INFO - Starting Flask API server...
2026-02-14 02:10:21,361 - __main__ - INFO - Attempting to load model from C:\Projects\CreditDefaultRiskPredictor\models\best_model_pipeline.pkl...
2026-02-14 02:10:22,329 - __main__ - INFO - Model loaded successfully.
2026-02-14 02:10:22,330 - __main__ - INFO - Starting Flask API server...
2026-02-14 02:11:10,667 - __main__ - INFO - Starting model training pipeline...
2026-02-14 02:11:10,667 - __main__ - INFO - Loading data from data/raw_csv/default_of_credit_card_clients.csv...
2026-02-14 02:11:10,727 - __main__ - INFO - Data loaded successfully. Shape: X=(30000, 23), y=(30000,)
2026-02-14 02:11:10,727 - __main__ - INFO - Splitting data into train and test sets...
2026-02-14 02:11:10,739 - source.features.preprocess - INFO - Building preprocessing pipeline...
2026-02-14 02:11:10,739 - source.features.preprocess - INFO - Preprocessing pipeline successfully built.
2026-02-14 02:11:10,739 - __main__ - INFO - Starting hyperparameter tuning...
2026-02-14 02:11:10,739 - __main__ - INFO - Tuning LogisticRegression...
2026-02-14 02:11:14,722 - __main__ - INFO - LogisticRegression Best ROC-AUC: 0.7713
2026-02-14 02:11:14,722 - __main__ - INFO - Tuning RandomForest...
2026-02-14 02:11:58,088 - __main__ - INFO - RandomForest Best ROC-AUC: 0.7784
2026-02-14 02:11:58,088 - __main__ - INFO - Tuning XGBoost...
2026-02-14 02:12:00,562 - __main__ - INFO - XGBoost Best ROC-AUC: 0.7808
2026-02-14 02:12:00,564 - __main__ - INFO - Hyperparameter tuning complete. Best Model: XGBoost with ROC-AUC: 0.7808
2026-02-14 02:12:00,564 - __main__ - INFO - Evaluating best model on test set...
2026-02-14 02:12:00,609 - __main__ - INFO - Test Set ROC-AUC: 0.7773
2026-02-14 02:12:00,621 - __main__ - INFO - 
Classification Report:
              precision    recall  f1-score   support

           0       0.84      0.95      0.89      4673
           1       0.66      0.36      0.46      1327

    accuracy                           0.82      6000
   macro avg       0.75      0.65      0.68      6000
weighted avg       0.80      0.82      0.80      6000

2026-02-14 02:12:00,621 - __main__ - INFO - Saving best model artifact...
2026-02-14 02:12:00,628 - __main__ - INFO - Model successfully saved to C:\Projects\CreditDefaultRiskPredictor\source\models\..\..\models\best_model_pipeline.pkl
2026-02-14 02:12:14,108 - __main__ - INFO - Attempting to load model from C:\Projects\CreditDefaultRiskPredictor\models\best_model_pipeline.pkl...
2026-02-14 02:12:15,088 - __main__ - INFO - Model loaded successfully.
2026-02-14 02:12:15,089 - __main__ - INFO - Starting Flask API server...
2026-02-14 02:12:15,756 - __main__ - INFO - Attempting to load model from C:\Projects\CreditDefaultRiskPredictor\models\best_model_pipeline.pkl...
2026-02-14 02:12:16,638 - __main__ - INFO - Model loaded successfully.
2026-02-14 02:12:16,639 - __main__ - INFO - Starting Flask API server...
2026-02-14 02:20:58,263 - __main__ - INFO - Attempting to load model from C:\Projects\CreditDefaultRiskPredictor\api\models\best_model_pipeline.pkl...
2026-02-14 02:20:58,263 - __main__ - WARNING - Model file not found at C:\Projects\CreditDefaultRiskPredictor\api\models\best_model_pipeline.pkl. Prediction endpoints will fail.
2026-02-14 02:20:58,265 - __main__ - INFO - Starting Flask API server...
2026-02-14 02:20:58,931 - __main__ - INFO - Attempting to load model from C:\Projects\CreditDefaultRiskPredictor\api\models\best_model_pipeline.pkl...
2026-02-14 02:20:58,932 - __main__ - WARNING - Model file not found at C:\Projects\CreditDefaultRiskPredictor\api\models\best_model_pipeline.pkl. Prediction endpoints will fail.
2026-02-14 02:20:58,932 - __main__ - INFO - Starting Flask API server...
2026-02-14 02:22:32,316 - __main__ - INFO - Attempting to load model from C:\Projects\CreditDefaultRiskPredictor\models\best_model_pipeline.pkl...
2026-02-14 02:22:33,289 - __main__ - INFO - Model loaded successfully.
2026-02-14 02:22:33,291 - __main__ - INFO - Starting Flask API server...
2026-02-14 02:24:39,720 - __main__ - INFO - Attempting to load model from C:\Projects\CreditDefaultRiskPredictor\models\best_model_pipeline.pkl...
2026-02-14 02:24:40,634 - __main__ - INFO - Model loaded successfully.
2026-02-14 02:24:40,636 - __main__ - INFO - Starting Flask API server...
2026-02-14 02:24:41,313 - __main__ - INFO - Attempting to load model from C:\Projects\CreditDefaultRiskPredictor\models\best_model_pipeline.pkl...
2026-02-14 02:24:42,195 - __main__ - INFO - Model loaded successfully.
2026-02-14 02:24:42,197 - __main__ - INFO - Starting Flask API server...
2026-02-14 02:39:56,590 - __main__ - INFO - Attempting to load model from C:\Projects\CreditDefaultRiskPredictor\models\best_model_pipeline.pkl...
2026-02-14 02:39:56,687 - __main__ - INFO - Attempting to load model from C:\Projects\CreditDefaultRiskPredictor\models\best_model_pipeline.pkl...
2026-02-14 02:39:57,544 - __main__ - INFO - Model loaded successfully.
2026-02-14 02:39:57,546 - __main__ - INFO - Starting Flask API server...
2026-02-14 02:39:57,624 - __main__ - INFO - Model loaded successfully.
2026-02-14 02:39:57,626 - __main__ - INFO - Starting Flask API server...
2026-02-14 02:40:13,633 - __main__ - INFO - Attempting to load model from C:\Projects\CreditDefaultRiskPredictor\models\best_model_pipeline.pkl...
2026-02-14 02:40:13,680 - __main__ - INFO - Attempting to load model from C:\Projects\CreditDefaultRiskPredictor\models\best_model_pipeline.pkl...
2026-02-14 02:40:14,659 - __main__ - INFO - Model loaded successfully.
2026-02-14 02:40:14,661 - __main__ - INFO - Starting Flask API server...
2026-02-14 02:40:14,690 - __main__ - INFO - Model loaded successfully.
2026-02-14 02:40:14,692 - __main__ - INFO - Starting Flask API server...
2026-02-14 02:41:58,705 - __main__ - INFO - Attempting to load model from C:\Projects\CreditDefaultRiskPredictor\models\best_model_pipeline.pkl...
2026-02-14 02:41:58,707 - __main__ - INFO - Attempting to load model from C:\Projects\CreditDefaultRiskPredictor\models\best_model_pipeline.pkl...
2026-02-14 02:41:59,670 - __main__ - INFO - Model loaded successfully.
2026-02-14 02:41:59,672 - __main__ - INFO - Starting Flask API server...
2026-02-14 02:41:59,673 - __main__ - INFO - Model loaded successfully.
2026-02-14 02:41:59,675 - __main__ - INFO - Starting Flask API server...
2026-02-14 02:42:07,338 - __main__ - INFO - Attempting to load model from C:\Projects\CreditDefaultRiskPredictor\models\best_model_pipeline.pkl...
2026-02-14 02:42:08,271 - __main__ - INFO - Model loaded successfully.
2026-02-14 02:42:08,273 - __main__ - INFO - Starting Flask API server...
2026-02-14 02:42:08,958 - __main__ - INFO - Attempting to load model from C:\Projects\CreditDefaultRiskPredictor\models\best_model_pipeline.pkl...
2026-02-14 02:42:09,882 - __main__ - INFO - Model loaded successfully.
2026-02-14 02:42:09,883 - __main__ - INFO - Starting Flask API server...
2026-02-14 02:42:32,148 - __main__ - INFO - Processing prediction request...
2026-02-14 02:42:32,150 - __main__ - ERROR - Error during prediction: columns are missing: {'BILL_AMT3', 'BILL_AMT4', 'BILL_AMT2', 'BILL_AMT1', 'PAY_AMT3', 'PAY_AMT1', 'PAY_4', 'PAY_AMT2', 'PAY_6', 'PAY_AMT4', 'PAY_AMT6', 'BILL_AMT6', 'BILL_AMT5', 'PAY_0', 'PAY_2', 'PAY_5', 'PAY_3', 'PAY_AMT5'}
Traceback (most recent call last):
  File "C:\Projects\CreditDefaultRiskPredictor\api\app.py", line 55, in predict
    probability = model.predict_proba(df)[0][1]
                  ~~~~~~~~~~~~~~~~~~~^^^^
  File "C:\Projects\CreditDefaultRiskPredictor\ml3env\Lib\site-packages\sklearn\pipeline.py", line 858, in predict_proba
    Xt = transform.transform(Xt)
  File "C:\Projects\CreditDefaultRiskPredictor\ml3env\Lib\site-packages\sklearn\utils\_set_output.py", line 316, in wrapped
    data_to_wrap = f(self, X, *args, **kwargs)
  File "C:\Projects\CreditDefaultRiskPredictor\ml3env\Lib\site-packages\sklearn\compose\_column_transformer.py", line 1088, in transform
    raise ValueError(f"columns are missing: {diff}")
ValueError: columns are missing: {'BILL_AMT3', 'BILL_AMT4', 'BILL_AMT2', 'BILL_AMT1', 'PAY_AMT3', 'PAY_AMT1', 'PAY_4', 'PAY_AMT2', 'PAY_6', 'PAY_AMT4', 'PAY_AMT6', 'BILL_AMT6', 'BILL_AMT5', 'PAY_0', 'PAY_2', 'PAY_5', 'PAY_3', 'PAY_AMT5'}
2026-02-14 02:48:31,124 - __main__ - INFO - Attempting to load model from C:\Projects\CreditDefaultRiskPredictor\models\best_model_pipeline.pkl...
2026-02-14 02:48:31,125 - __main__ - INFO - Attempting to load model from C:\Projects\CreditDefaultRiskPredictor\models\best_model_pipeline.pkl...
2026-02-14 02:48:31,139 - __main__ - INFO - Attempting to load model from C:\Projects\CreditDefaultRiskPredictor\models\best_model_pipeline.pkl...
2026-02-14 02:48:32,146 - __main__ - INFO - Model loaded successfully.
2026-02-14 02:48:32,148 - __main__ - INFO - Starting Flask API server...
2026-02-14 02:48:32,150 - __main__ - INFO - Model loaded successfully.
2026-02-14 02:48:32,152 - __main__ - INFO - Starting Flask API server...
2026-02-14 02:48:32,168 - __main__ - INFO - Model loaded successfully.
2026-02-14 02:48:32,170 - __main__ - INFO - Starting Flask API server...
2026-02-14 02:48:47,340 - __main__ - INFO - Attempting to load model from C:\Projects\CreditDefaultRiskPredictor\models\best_model_pipeline.pkl...
2026-02-14 02:48:47,353 - __main__ - INFO - Attempting to load model from C:\Projects\CreditDefaultRiskPredictor\models\best_model_pipeline.pkl...
2026-02-14 02:48:47,359 - __main__ - INFO - Attempting to load model from C:\Projects\CreditDefaultRiskPredictor\models\best_model_pipeline.pkl...
2026-02-14 02:48:48,387 - __main__ - INFO - Model loaded successfully.
2026-02-14 02:48:48,389 - __main__ - INFO - Starting Flask API server...
2026-02-14 02:48:48,394 - __main__ - INFO - Model loaded successfully.
2026-02-14 02:48:48,396 - __main__ - INFO - Starting Flask API server...
2026-02-14 02:48:48,402 - __main__ - INFO - Model loaded successfully.
2026-02-14 02:48:48,404 - __main__ - INFO - Starting Flask API server...
2026-02-14 02:48:55,428 - __main__ - INFO - Attempting to load model from C:\Projects\CreditDefaultRiskPredictor\models\best_model_pipeline.pkl...
2026-02-14 02:48:55,429 - __main__ - INFO - Attempting to load model from C:\Projects\CreditDefaultRiskPredictor\models\best_model_pipeline.pkl...
2026-02-14 02:48:55,439 - __main__ - INFO - Attempting to load model from C:\Projects\CreditDefaultRiskPredictor\models\best_model_pipeline.pkl...
2026-02-14 02:48:56,455 - __main__ - INFO - Model loaded successfully.
2026-02-14 02:48:56,457 - __main__ - INFO - Starting Flask API server...
2026-02-14 02:48:56,459 - __main__ - INFO - Model loaded successfully.
2026-02-14 02:48:56,461 - __main__ - INFO - Starting Flask API server...
2026-02-14 02:48:56,478 - __main__ - INFO - Model loaded successfully.
2026-02-14 02:48:56,480 - __main__ - INFO - Starting Flask API server...
2026-02-14 02:49:04,496 - __main__ - INFO - Attempting to load model from C:\Projects\CreditDefaultRiskPredictor\models\best_model_pipeline.pkl...
2026-02-14 02:49:04,496 - __main__ - INFO - Attempting to load model from C:\Projects\CreditDefaultRiskPredictor\models\best_model_pipeline.pkl...
2026-02-14 02:49:04,501 - __main__ - INFO - Attempting to load model from C:\Projects\CreditDefaultRiskPredictor\models\best_model_pipeline.pkl...
2026-02-14 02:49:05,635 - __main__ - INFO - Model loaded successfully.
2026-02-14 02:49:05,637 - __main__ - INFO - Starting Flask API server...
2026-02-14 02:49:05,640 - __main__ - INFO - Model loaded successfully.
2026-02-14 02:49:05,642 - __main__ - INFO - Model loaded successfully.
2026-02-14 02:49:05,642 - __main__ - INFO - Starting Flask API server...
2026-02-14 02:49:05,644 - __main__ - INFO - Starting Flask API server...
2026-02-14 02:49:14,719 - __main__ - INFO - Attempting to load model from C:\Projects\CreditDefaultRiskPredictor\models\best_model_pipeline.pkl...
2026-02-14 02:49:14,728 - __main__ - INFO - Attempting to load model from C:\Projects\CreditDefaultRiskPredictor\models\best_model_pipeline.pkl...
2026-02-14 02:49:14,733 - __main__ - INFO - Attempting to load model from C:\Projects\CreditDefaultRiskPredictor\models\best_model_pipeline.pkl...
2026-02-14 02:49:15,825 - __main__ - INFO - Model loaded successfully.
2026-02-14 02:49:15,827 - __main__ - INFO - Starting Flask API server...
2026-02-14 02:49:15,829 - __main__ - INFO - Model loaded successfully.
2026-02-14 02:49:15,831 - __main__ - INFO - Starting Flask API server...
2026-02-14 02:49:15,871 - __main__ - INFO - Model loaded successfully.
2026-02-14 02:49:15,873 - __main__ - INFO - Starting Flask API server...
2026-02-14 02:49:22,875 - __main__ - INFO - Attempting to load model from C:\Projects\CreditDefaultRiskPredictor\models\best_model_pipeline.pkl...
2026-02-14 02:49:22,875 - __main__ - INFO - Attempting to load model from C:\Projects\CreditDefaultRiskPredictor\models\best_model_pipeline.pkl...
2026-02-14 02:49:22,891 - __main__ - INFO - Attempting to load model from C:\Projects\CreditDefaultRiskPredictor\models\best_model_pipeline.pkl...
2026-02-14 02:49:23,965 - __main__ - INFO - Model loaded successfully.
2026-02-14 02:49:23,966 - __main__ - INFO - Model loaded successfully.
2026-02-14 02:49:23,967 - __main__ - INFO - Starting Flask API server...
2026-02-14 02:49:23,968 - __main__ - INFO - Model loaded successfully.
2026-02-14 02:49:23,968 - __main__ - INFO - Starting Flask API server...
2026-02-14 02:49:23,970 - __main__ - INFO - Starting Flask API server...
2026-02-14 02:49:27,026 - __main__ - INFO - Attempting to load model from C:\Projects\CreditDefaultRiskPredictor\models\best_model_pipeline.pkl...
2026-02-14 02:49:27,029 - __main__ - INFO - Attempting to load model from C:\Projects\CreditDefaultRiskPredictor\models\best_model_pipeline.pkl...
2026-02-14 02:49:27,034 - __main__ - INFO - Attempting to load model from C:\Projects\CreditDefaultRiskPredictor\models\best_model_pipeline.pkl...
2026-02-14 02:49:27,994 - __main__ - INFO - Model loaded successfully.
2026-02-14 02:49:27,995 - __main__ - INFO - Starting Flask API server...
2026-02-14 02:49:27,998 - __main__ - INFO - Model loaded successfully.
2026-02-14 02:49:27,999 - __main__ - INFO - Starting Flask API server...
2026-02-14 02:49:28,014 - __main__ - INFO - Model loaded successfully.
2026-02-14 02:49:28,016 - __main__ - INFO - Starting Flask API server...
2026-02-14 02:49:31,073 - __main__ - INFO - Attempting to load model from C:\Projects\CreditDefaultRiskPredictor\models\best_model_pipeline.pkl...
2026-02-14 02:49:31,075 - __main__ - INFO - Attempting to load model from C:\Projects\CreditDefaultRiskPredictor\models\best_model_pipeline.pkl...
2026-02-14 02:49:31,087 - __main__ - INFO - Attempting to load model from C:\Projects\CreditDefaultRiskPredictor\models\best_model_pipeline.pkl...
2026-02-14 02:49:32,082 - __main__ - INFO - Model loaded successfully.
2026-02-14 02:49:32,084 - __main__ - INFO - Starting Flask API server...
2026-02-14 02:49:32,092 - __main__ - INFO - Model loaded successfully.
2026-02-14 02:49:32,094 - __main__ - INFO - Starting Flask API server...
2026-02-14 02:49:32,159 - __main__ - INFO - Model loaded successfully.
2026-02-14 02:49:32,161 - __main__ - INFO - Starting Flask API server...
2026-02-14 02:49:37,134 - __main__ - INFO - Attempting to load model from C:\Projects\CreditDefaultRiskPredictor\models\best_model_pipeline.pkl...
2026-02-14 02:49:37,150 - __main__ - INFO - Attempting to load model from C:\Projects\CreditDefaultRiskPredictor\models\best_model_pipeline.pkl...
2026-02-14 02:49:37,181 - __main__ - INFO - Attempting to load model from C:\Projects\CreditDefaultRiskPredictor\models\best_model_pipeline.pkl...
2026-02-14 02:49:38,111 - __main__ - INFO - Model loaded successfully.
2026-02-14 02:49:38,113 - __main__ - INFO - Starting Flask API server...
2026-02-14 02:49:38,125 - __main__ - INFO - Model loaded successfully.
2026-02-14 02:49:38,127 - __main__ - INFO - Starting Flask API server...
2026-02-14 02:49:38,167 - __main__ - INFO - Model loaded successfully.
2026-02-14 02:49:38,169 - __main__ - INFO - Starting Flask API server...
2026-02-14 02:52:15,479 - __main__ - INFO - Processing prediction request...
2026-02-14 02:52:15,481 - __main__ - ERROR - Error during prediction: columns are missing: {'PAY_6', 'PAY_4', 'PAY_3', 'BILL_AMT4', 'PAY_5', 'PAY_AMT4', 'BILL_AMT5', 'PAY_AMT6', 'BILL_AMT6', 'PAY_AMT5', 'PAY_AMT3', 'BILL_AMT3'}
Traceback (most recent call last):
  File "C:\Projects\CreditDefaultRiskPredictor\api\app.py", line 55, in predict
    probability = model.predict_proba(df)[0][1]
                  ~~~~~~~~~~~~~~~~~~~^^^^
  File "C:\Projects\CreditDefaultRiskPredictor\ml3env\Lib\site-packages\sklearn\pipeline.py", line 858, in predict_proba
    Xt = transform.transform(Xt)
  File "C:\Projects\CreditDefaultRiskPredictor\ml3env\Lib\site-packages\sklearn\utils\_set_output.py", line 316, in wrapped
    data_to_wrap = f(self, X, *args, **kwargs)
  File "C:\Projects\CreditDefaultRiskPredictor\ml3env\Lib\site-packages\sklearn\compose\_column_transformer.py", line 1088, in transform
    raise ValueError(f"columns are missing: {diff}")
ValueError: columns are missing: {'PAY_6', 'PAY_4', 'PAY_3', 'BILL_AMT4', 'PAY_5', 'PAY_AMT4', 'BILL_AMT5', 'PAY_AMT6', 'BILL_AMT6', 'PAY_AMT5', 'PAY_AMT3', 'BILL_AMT3'}
2026-02-14 02:55:32,858 - __main__ - INFO - Starting model training pipeline...
2026-02-14 02:55:32,859 - __main__ - INFO - Loading data from data/raw_csv/default_of_credit_card_clients.csv...
2026-02-14 02:55:32,916 - __main__ - INFO - Data loaded successfully. Shape: X=(30000, 23), y=(30000,)
2026-02-14 02:55:32,916 - __main__ - INFO - Splitting data into train and test sets...
2026-02-14 02:55:32,927 - source.features.preprocess - INFO - Building preprocessing pipeline...
2026-02-14 02:55:32,927 - source.features.preprocess - INFO - Preprocessing pipeline successfully built.
2026-02-14 02:55:32,927 - __main__ - INFO - Starting hyperparameter tuning...
2026-02-14 02:55:32,928 - __main__ - INFO - Tuning LogisticRegression...
2026-02-14 02:55:36,305 - __main__ - INFO - LogisticRegression Best ROC-AUC: 0.7580
2026-02-14 02:55:36,305 - __main__ - INFO - Tuning RandomForest...
2026-02-14 02:56:08,038 - __main__ - INFO - RandomForest Best ROC-AUC: 0.7715
2026-02-14 02:56:08,038 - __main__ - INFO - Tuning XGBoost...
2026-02-14 02:56:09,700 - __main__ - INFO - XGBoost Best ROC-AUC: 0.7713
2026-02-14 02:56:09,701 - __main__ - INFO - Hyperparameter tuning complete. Best Model: RandomForest with ROC-AUC: 0.7715
2026-02-14 02:56:09,701 - __main__ - INFO - Evaluating best model on test set...
2026-02-14 02:56:09,896 - __main__ - INFO - Test Set ROC-AUC: 0.7681
2026-02-14 02:56:09,902 - __main__ - INFO - 
Classification Report:
              precision    recall  f1-score   support

           0       0.87      0.84      0.86      4673
           1       0.50      0.56      0.53      1327

    accuracy                           0.78      6000
   macro avg       0.69      0.70      0.69      6000
weighted avg       0.79      0.78      0.79      6000

2026-02-14 02:56:09,903 - __main__ - INFO - Saving best model artifact...
2026-02-14 02:56:09,960 - __main__ - INFO - Model successfully saved to C:\Projects\CreditDefaultRiskPredictor\source\models\..\..\models\best_model_pipeline.pkl
2026-02-14 02:56:34,257 - __main__ - INFO - Attempting to load model from C:\Projects\CreditDefaultRiskPredictor\models\best_model_pipeline.pkl...
2026-02-14 02:56:35,183 - __main__ - INFO - Model loaded successfully.
2026-02-14 02:56:35,184 - __main__ - INFO - Starting Flask API server...
2026-02-14 02:56:35,847 - __main__ - INFO - Attempting to load model from C:\Projects\CreditDefaultRiskPredictor\models\best_model_pipeline.pkl...
2026-02-14 02:56:36,724 - __main__ - INFO - Model loaded successfully.
2026-02-14 02:56:36,725 - __main__ - INFO - Starting Flask API server...
2026-02-14 02:56:48,422 - __main__ - INFO - Processing prediction request...
2026-02-14 02:56:48,467 - __main__ - INFO - Prediction successful: {'prediction': 0, 'probability_of_default': 0.4929705843387703, 'risk_level': 'Low'}
2026-02-14 02:58:40,623 - __main__ - INFO - Processing prediction request...
2026-02-14 02:58:40,698 - __main__ - INFO - Prediction successful: {'prediction': 0, 'probability_of_default': 0.4929705843387703, 'risk_level': 'Low'}
2026-02-14 03:01:23,344 - __main__ - INFO - Attempting to load model from C:\Projects\CreditDefaultRiskPredictor\models\best_model_pipeline.pkl...
2026-02-14 03:01:24,269 - __main__ - INFO - Model loaded successfully.
2026-02-14 03:01:24,270 - __main__ - INFO - Starting Flask API server...
2026-02-14 03:01:42,715 - __main__ - INFO - Processing prediction request...
2026-02-14 03:01:42,786 - __main__ - INFO - Prediction successful: {'prediction': 0, 'probability_of_default': 0.4929705843387703, 'risk_level': 'Average'}
2026-02-14 03:02:55,894 - __main__ - INFO - Attempting to load model from C:\Projects\CreditDefaultRiskPredictor\models\best_model_pipeline.pkl...
2026-02-14 03:02:56,814 - __main__ - INFO - Model loaded successfully.
2026-02-14 03:02:56,815 - __main__ - INFO - Starting Flask API server...
2026-02-14 03:03:02,967 - __main__ - INFO - Attempting to load model from C:\Projects\CreditDefaultRiskPredictor\models\best_model_pipeline.pkl...
2026-02-14 03:03:03,898 - __main__ - INFO - Model loaded successfully.
2026-02-14 03:03:03,899 - __main__ - INFO - Starting Flask API server...
2026-02-14 03:03:08,650 - __main__ - INFO - Processing prediction request...
2026-02-14 03:03:08,721 - __main__ - INFO - Prediction successful: {'prediction': 0, 'probability_of_default': 0.4929705843387703, 'risk_level': 'Moderate'}
